# JRE version: Java(TM) SE Runtime Environment (8.0_91-b15) (build 1.8.0_91-b15)
# Java VM: Java HotSpot(TM) 64-Bit Server VM (25.91-b15 mixed mode windows-amd64 compressed oops)
Heap:
 PSYoungGen      total 36864K, used 30021K [0x00000000d6f00000, 0x00000000d9800000, 0x0000000100000000)
  eden space 31744K, 84% used [0x00000000d6f00000,0x00000000d8938a50,0x00000000d8e00000)
  from space 5120K, 61% used [0x00000000d8e00000,0x00000000d9118a00,0x00000000d9300000)
  to   space 5120K, 0% used [0x00000000d9300000,0x00000000d9300000,0x00000000d9800000)
 ParOldGen       total 52224K, used 9444K [0x0000000084c00000, 0x0000000087f00000, 0x00000000d6f00000)
  object space 52224K, 18% used [0x0000000084c00000,0x0000000085539228,0x0000000087f00000)
 Metaspace       used 24138K, capacity 24463K, committed 24704K, reserved 1071104K
  class space    used 3049K, capacity 3135K, committed 3200K, reserved 1048576K
GC Heap History (10 events):
Event: 7.754 GC heap before
{Heap before GC invocations=4 (full 0):
 PSYoungGen      total 36864K, used 36841K [0x00000000d6f00000, 0x00000000d9800000, 0x0000000100000000)
  eden space 31744K, 100% used [0x00000000d6f00000,0x00000000d8e00000,0x00000000d8e00000)
  from space 5120K, 99% used [0x00000000d8e00000,0x00000000d92fa580,0x00000000d9300000)
  to   space 5120K, 0% used [0x00000000d9300000,0x00000000d9300000,0x00000000d9800000)
 ParOldGen       total 84992K, used 8280K [0x0000000084c00000, 0x0000000089f00000, 0x00000000d6f00000)
  object space 84992K, 9% used [0x0000000084c00000,0x0000000085416078,0x0000000089f00000)
 Metaspace       used 20493K, capacity 20774K, committed 20864K, reserved 1067008K
  class space    used 2523K, capacity 2602K, committed 2688K, reserved 1048576K
Event: 7.768 GC heap after
Heap after GC invocations=4 (full 0):
 PSYoungGen      total 36864K, used 5107K [0x00000000d6f00000, 0x00000000d9800000, 0x0000000100000000)
  eden space 31744K, 0% used [0x00000000d6f00000,0x00000000d6f00000,0x00000000d8e00000)
  from space 5120K, 99% used [0x00000000d9300000,0x00000000d97fcc88,0x00000000d9800000)
  to   space 5120K, 0% used [0x00000000d8e00000,0x00000000d8e00000,0x00000000d9300000)
 ParOldGen       total 84992K, used 10871K [0x0000000084c00000, 0x0000000089f00000, 0x00000000d6f00000)
  object space 84992K, 12% used [0x0000000084c00000,0x000000008569dcf8,0x0000000089f00000)
 Metaspace       used 20493K, capacity 20774K, committed 20864K, reserved 1067008K
  class space    used 2523K, capacity 2602K, committed 2688K, reserved 1048576K
}
Event: 7.876 GC heap before
{Heap before GC invocations=5 (full 0):
 PSYoungGen      total 36864K, used 11582K [0x00000000d6f00000, 0x00000000d9800000, 0x0000000100000000)
  eden space 31744K, 20% used [0x00000000d6f00000,0x00000000d7552eb8,0x00000000d8e00000)
  from space 5120K, 99% used [0x00000000d9300000,0x00000000d97fcc88,0x00000000d9800000)
  to   space 5120K, 0% used [0x00000000d8e00000,0x00000000d8e00000,0x00000000d9300000)
 ParOldGen       total 84992K, used 10871K [0x0000000084c00000, 0x0000000089f00000, 0x00000000d6f00000)
  object space 84992K, 12% used [0x0000000084c00000,0x000000008569dcf8,0x0000000089f00000)
 Metaspace       used 20922K, capacity 21143K, committed 21296K, reserved 1069056K
  class space    used 2577K, capacity 2688K, committed 2688K, reserved 1048576K
Event: 7.888 GC heap after
Heap after GC invocations=5 (full 0):
 PSYoungGen      total 36864K, used 5118K [0x00000000d6f00000, 0x00000000d9800000, 0x0000000100000000)
  eden space 31744K, 0% used [0x00000000d6f00000,0x00000000d6f00000,0x00000000d8e00000)
  from space 5120K, 99% used [0x00000000d8e00000,0x00000000d92ff870,0x00000000d9300000)
  to   space 5120K, 0% used [0x00000000d9300000,0x00000000d9300000,0x00000000d9800000)
 ParOldGen       total 84992K, used 11631K [0x0000000084c00000, 0x0000000089f00000, 0x00000000d6f00000)
  object space 84992K, 13% used [0x0000000084c00000,0x000000008575bc50,0x0000000089f00000)
 Metaspace       used 20922K, capacity 21143K, committed 21296K, reserved 1069056K
  class space    used 2577K, capacity 2688K, committed 2688K, reserved 1048576K
}
Event: 7.888 GC heap before
{Heap before GC invocations=6 (full 1):
 PSYoungGen      total 36864K, used 5118K [0x00000000d6f00000, 0x00000000d9800000, 0x0000000100000000)
  eden space 31744K, 0% used [0x00000000d6f00000,0x00000000d6f00000,0x00000000d8e00000)
  from space 5120K, 99% used [0x00000000d8e00000,0x00000000d92ff870,0x00000000d9300000)
  to   space 5120K, 0% used [0x00000000d9300000,0x00000000d9300000,0x00000000d9800000)
 ParOldGen       total 84992K, used 11631K [0x0000000084c00000, 0x0000000089f00000, 0x00000000d6f00000)
  object space 84992K, 13% used [0x0000000084c00000,0x000000008575bc50,0x0000000089f00000)
 Metaspace       used 20922K, capacity 21143K, committed 21296K, reserved 1069056K
  class space    used 2577K, capacity 2688K, committed 2688K, reserved 1048576K
Event: 7.938 GC heap after
Heap after GC invocations=6 (full 1):
 PSYoungGen      total 36864K, used 0K [0x00000000d6f00000, 0x00000000d9800000, 0x0000000100000000)
  eden space 31744K, 0% used [0x00000000d6f00000,0x00000000d6f00000,0x00000000d8e00000)
  from space 5120K, 0% used [0x00000000d8e00000,0x00000000d8e00000,0x00000000d9300000)
  to   space 5120K, 0% used [0x00000000d9300000,0x00000000d9300000,0x00000000d9800000)
 ParOldGen       total 52224K, used 9428K [0x0000000084c00000, 0x0000000087f00000, 0x00000000d6f00000)
  object space 52224K, 18% used [0x0000000084c00000,0x0000000085535228,0x0000000087f00000)
 Metaspace       used 20922K, capacity 21143K, committed 21296K, reserved 1069056K
  class space    used 2577K, capacity 2688K, committed 2688K, reserved 1048576K
}
Event: 8.511 GC heap before
{Heap before GC invocations=7 (full 1):
 PSYoungGen      total 36864K, used 31744K [0x00000000d6f00000, 0x00000000d9800000, 0x0000000100000000)
  eden space 31744K, 100% used [0x00000000d6f00000,0x00000000d8e00000,0x00000000d8e00000)
  from space 5120K, 0% used [0x00000000d8e00000,0x00000000d8e00000,0x00000000d9300000)
  to   space 5120K, 0% used [0x00000000d9300000,0x00000000d9300000,0x00000000d9800000)
 ParOldGen       total 52224K, used 9428K [0x0000000084c00000, 0x0000000087f00000, 0x00000000d6f00000)
  object space 52224K, 18% used [0x0000000084c00000,0x0000000085535228,0x0000000087f00000)
 Metaspace       used 21592K, capacity 21865K, committed 22192K, reserved 1069056K
  class space    used 2659K, capacity 2734K, committed 2816K, reserved 1048576K
Event: 8.516 GC heap after
Heap after GC invocations=7 (full 1):
 PSYoungGen      total 36864K, used 1824K [0x00000000d6f00000, 0x00000000d9800000, 0x0000000100000000)
  eden space 31744K, 0% used [0x00000000d6f00000,0x00000000d6f00000,0x00000000d8e00000)
  from space 5120K, 35% used [0x00000000d9300000,0x00000000d94c8000,0x00000000d9800000)
  to   space 5120K, 0% used [0x00000000d8e00000,0x00000000d8e00000,0x00000000d9300000)
 ParOldGen       total 52224K, used 9436K [0x0000000084c00000, 0x0000000087f00000, 0x00000000d6f00000)
  object space 52224K, 18% used [0x0000000084c00000,0x0000000085537228,0x0000000087f00000)
 Metaspace       used 21592K, capacity 21865K, committed 22192K, reserved 1069056K
  class space    used 2659K, capacity 2734K, committed 2816K, reserved 1048576K
}
Event: 9.150 GC heap before
{Heap before GC invocations=8 (full 1):
 PSYoungGen      total 36864K, used 33568K [0x00000000d6f00000, 0x00000000d9800000, 0x0000000100000000)
  eden space 31744K, 100% used [0x00000000d6f00000,0x00000000d8e00000,0x00000000d8e00000)
  from space 5120K, 35% used [0x00000000d9300000,0x00000000d94c8000,0x00000000d9800000)
  to   space 5120K, 0% used [0x00000000d8e00000,0x00000000d8e00000,0x00000000d9300000)
 ParOldGen       total 52224K, used 9436K [0x0000000084c00000, 0x0000000087f00000, 0x00000000d6f00000)
  object space 52224K, 18% used [0x0000000084c00000,0x0000000085537228,0x0000000087f00000)
 Metaspace       used 22628K, capacity 22917K, committed 23088K, reserved 1069056K
  class space    used 2818K, capacity 2904K, committed 2944K, reserved 1048576K
Event: 9.157 GC heap after
Heap after GC invocations=8 (full 1):
 PSYoungGen      total 36864K, used 3170K [0x00000000d6f00000, 0x00000000d9800000, 0x0000000100000000)
  eden space 31744K, 0% used [0x00000000d6f00000,0x00000000d6f00000,0x00000000d8e00000)
  from space 5120K, 61% used [0x00000000d8e00000,0x00000000d9118a00,0x00000000d9300000)
  to   space 5120K, 0% used [0x00000000d9300000,0x00000000d9300000,0x00000000d9800000)
 ParOldGen       total 52224K, used 9444K [0x0000000084c00000, 0x0000000087f00000, 0x00000000d6f00000)
  object space 52224K, 18% used [0x0000000084c00000,0x0000000085539228,0x0000000087f00000)
 Metaspace       used 22628K, capacity 22917K, committed 23088K, reserved 1069056K
  class space    used 2818K, capacity 2904K, committed 2944K, reserved 1048576K
}

